time="2025-01-29T15:01:52-03:00" level=info msg="Start application..."
time="2025-01-29T15:16:18-03:00" level=info msg="Start application ScheduleApiGo"
time="2025-01-30T01:18:09-03:00" level=info msg="Start application ScheduleApiGo"
time="2025-01-30T01:18:09-03:00" level=info msg="Start Swagger."
time="2025-01-30T01:23:45-03:00" level=info msg="Start application ScheduleApiGo"
time="2025-01-30T01:23:45-03:00" level=info msg="Start Swagger."
time="2025-01-30T08:26:42-03:00" level=info msg="Start application ScheduleApiGo"
time="2025-01-30T08:26:42-03:00" level=info msg="Start Swagger."
time="2025-01-30T08:27:53-03:00" level=error
time="2025-01-30T14:44:10-03:00" level=info msg="Start application ScheduleApiGo"
time="2025-01-30T14:44:10-03:00" level=info msg="Start Swagger."
time="2025-01-30T14:54:14-03:00" level=info msg="Start application ScheduleApiGo"
time="2025-01-30T14:54:14-03:00" level=info msg="Start Swagger."
time="2025-01-30T14:54:35-03:00" level=info msg="Start application ScheduleApiGo"
time="2025-01-30T14:54:35-03:00" level=info msg="Start Swagger."
time="2025-01-30T14:55:49-03:00" level=info msg="Start application ScheduleApiGo"
time="2025-01-30T14:55:49-03:00" level=info msg="Start Swagger."
time="2025-01-30T14:56:43-03:00" level=info msg="Start application ScheduleApiGo"
time="2025-01-30T14:56:43-03:00" level=info msg="Start Swagger."
time="2025-01-30T14:59:56-03:00" level=info msg="Start application ScheduleApiGo"
time="2025-01-30T14:59:56-03:00" level=info msg="Start Swagger."
time="2025-01-30T15:00:22-03:00" level=info msg="Start application ScheduleApiGo"
time="2025-01-30T15:00:22-03:00" level=info msg="Start Swagger."
time="2025-01-30T15:01:00-03:00" level=info msg="Start application ScheduleApiGo"
time="2025-01-30T15:01:00-03:00" level=info msg="Start Swagger."
time="2025-01-31T15:08:06-03:00" level=info msg="Start application ScheduleApiGo"
time="2025-01-31T15:08:06-03:00" level=info msg="Start Swagger."
time="2025-01-31T15:17:18-03:00" level=error msg="Error to insert a new server: ERRO: relação \"servers\" não existe (SQLSTATE 42P01)"
time="2025-01-31T15:22:18-03:00" level=info msg="Start application ScheduleApiGo"
time="2025-01-31T15:22:18-03:00" level=info msg="Start Swagger."
time="2025-01-31T15:22:29-03:00" level=error msg="Error to insert a new server: ERRO: coluna \"created_at\" da relação \"t_server_register\" não existe (SQLSTATE 42703)"
time="2025-01-31T15:25:21-03:00" level=info msg="Start application ScheduleApiGo"
time="2025-01-31T15:25:21-03:00" level=info msg="Start Swagger."
time="2025-01-31T15:25:27-03:00" level=error msg="Error to insert a new server: ERRO: o valor nulo na coluna \"id\" da relação \"t_server_register\" viola a restrição de não-nulo (SQLSTATE 23502)"
time="2025-01-31T15:26:55-03:00" level=error msg="Error to insert a new server: ERRO: não é possível abrir a relação \"t_server_register\" (SQLSTATE 42809)"
time="2025-01-31T15:29:16-03:00" level=info msg="Start application ScheduleApiGo"
time="2025-01-31T15:29:16-03:00" level=info msg="Start Swagger."
time="2025-01-31T15:29:28-03:00" level=error msg="Error to insert a new server: ERRO: não é possível abrir a relação \"t_server_register\" (SQLSTATE 42809)"
time="2025-01-31T15:33:00-03:00" level=info msg="Start application ScheduleApiGo"
time="2025-01-31T15:33:00-03:00" level=info msg="Start Swagger."
time="2025-01-31T15:33:06-03:00" level=error msg="Error to insert a new server: ERRO: não é possível abrir a relação \"t_server_register\" (SQLSTATE 42809)"
time="2025-02-01T11:13:04-03:00" level=info msg="Start application ScheduleApiGo"
time="2025-02-01T11:13:04-03:00" level=info msg="Start Swagger."
time="2025-02-01T11:13:49-03:00" level=error msg="Error to insert a new server: ERRO: não é possível abrir a relação \"t_server_register\" (SQLSTATE 42809)"
time="2025-02-01T11:17:00-03:00" level=info msg="Start application ScheduleApiGo"
time="2025-02-01T11:17:00-03:00" level=info msg="Start Swagger."
time="2025-02-01T11:18:59-03:00" level=info msg="Start application ScheduleApiGo"
time="2025-02-01T11:18:59-03:00" level=info msg="Start Swagger."
time="2025-02-01T11:19:25-03:00" level=error msg="Error to insert a new server: ERRO: não é possível abrir a relação \"t_server_register\" (SQLSTATE 42809)"
time="2025-02-01T11:21:29-03:00" level=info msg="Connected to database: ScheduleDb"
time="2025-02-01T11:21:29-03:00" level=info msg="Start application ScheduleApiGo"
time="2025-02-01T11:21:29-03:00" level=info msg="Start Swagger."
time="2025-02-01T11:21:37-03:00" level=error msg="Error to insert a new server: ERRO: não é possível abrir a relação \"t_server_register\" (SQLSTATE 42809)"
time="2025-02-01T11:28:40-03:00" level=info msg="Connected to database: ScheduleDb"
time="2025-02-01T11:28:40-03:00" level=info msg="Start application ScheduleApiGo"
time="2025-02-01T11:28:40-03:00" level=info msg="Start Swagger."
time="2025-02-01T11:28:47-03:00" level=error msg="Error to insert a new server: ERRO: não é possível abrir a relação \"t_server_register\" (SQLSTATE 42809)"
time="2025-02-01T11:29:41-03:00" level=info msg="Connected to database: ScheduleDb"
time="2025-02-01T11:29:41-03:00" level=info msg="Start application ScheduleApiGo"
time="2025-02-01T11:29:41-03:00" level=info msg="Start Swagger."
time="2025-02-01T11:29:51-03:00" level=error msg="Error to insert a new server: ERRO: não é possível abrir a relação \"t_server_register\" (SQLSTATE 42809)"
time="2025-02-01T11:33:38-03:00" level=info msg="Connected to database: ScheduleDb"
time="2025-02-01T11:33:38-03:00" level=info msg="Start application ScheduleApiGo"
time="2025-02-01T11:33:38-03:00" level=info msg="Start Swagger."
time="2025-02-01T11:33:44-03:00" level=error msg="Error to insert a new server: ERRO: não é possível abrir a relação \"t_server_register\" (SQLSTATE 42809)"
time="2025-02-01T11:43:57-03:00" level=info msg="Connected to database: ScheduleDb"
time="2025-02-01T11:43:57-03:00" level=info msg="Start application ScheduleApiGo"
time="2025-02-01T11:43:57-03:00" level=info msg="Start Swagger."
time="2025-02-01T11:44:01-03:00" level=error msg="Error to insert a new server: ERRO: não é possível abrir a relação \"t_server_register\" (SQLSTATE 42809)"
time="2025-02-01T11:58:06-03:00" level=error msg="Error to insert a new server: ERRO: permissão negada para tabela t_server_register (SQLSTATE 42501)"
time="2025-02-01T11:58:31-03:00" level=info msg="Connected to database: ScheduleDb"
time="2025-02-01T11:58:31-03:00" level=info msg="Start application ScheduleApiGo"
time="2025-02-01T11:58:31-03:00" level=info msg="Start Swagger."
time="2025-02-01T17:28:49-03:00" level=info msg="Connected to database: ScheduleDb"
time="2025-02-01T17:28:49-03:00" level=info msg="Start application ScheduleApiGo"
time="2025-02-01T17:28:49-03:00" level=info msg="Start Swagger."
time="2025-02-01T17:31:16-03:00" level=info msg="Connected to database: ScheduleDb"
time="2025-02-01T17:31:16-03:00" level=info msg="Start application ScheduleApiGo"
time="2025-02-01T17:31:16-03:00" level=info msg="Start Swagger."
time="2025-02-01T17:33:41-03:00" level=info msg="Connected to database: ScheduleDb"
time="2025-02-01T17:33:41-03:00" level=info msg="Start application ScheduleApiGo"
time="2025-02-01T17:33:41-03:00" level=info msg="Start Swagger."
time="2025-02-01T17:33:52-03:00" level=error msg="Error to insert a new server: ERRO: relação \"t_job_register\" não existe (SQLSTATE 42P01)"
time="2025-02-01T17:34:30-03:00" level=error msg="Error to insert a new server: ERRO: coluna \"cmd_execute\" da relação \"t_job_register\" não existe (SQLSTATE 42703)"
time="2025-02-01T17:38:01-03:00" level=info msg="Connected to database: ScheduleDb"
time="2025-02-01T17:38:01-03:00" level=info msg="Start application ScheduleApiGo"
time="2025-02-01T17:38:01-03:00" level=info msg="Start Swagger."
time="2025-02-01T17:38:06-03:00" level=error msg="Error to insert a new server: ERRO: coluna \"cmdExecute\" da relação \"t_job_register\" não existe (SQLSTATE 42703)"
time="2025-02-01T17:40:42-03:00" level=info msg="Connected to database: ScheduleDb"
time="2025-02-01T17:40:42-03:00" level=info msg="Start application ScheduleApiGo"
time="2025-02-01T17:40:42-03:00" level=info msg="Start Swagger."
time="2025-02-01T17:40:50-03:00" level=error msg="Error to insert a new server: ERRO: coluna \"cmdExecute\" da relação \"t_job_register\" não existe (SQLSTATE 42703)"
time="2025-02-01T17:42:24-03:00" level=info msg="Connected to database: ScheduleDb"
time="2025-02-01T17:42:24-03:00" level=info msg="Start application ScheduleApiGo"
time="2025-02-01T17:42:24-03:00" level=info msg="Start Swagger."
time="2025-02-01T17:42:28-03:00" level=error msg="Error to insert a new server: ERRO: coluna \"serverId\" da relação \"t_job_register\" não existe (SQLSTATE 42703)"
time="2025-02-01T17:43:20-03:00" level=info msg="Connected to database: ScheduleDb"
time="2025-02-01T17:43:20-03:00" level=info msg="Start application ScheduleApiGo"
time="2025-02-01T17:43:20-03:00" level=info msg="Start Swagger."
time="2025-02-01T17:43:59-03:00" level=info msg="Connected to database: ScheduleDb"
time="2025-02-01T17:43:59-03:00" level=info msg="Start application ScheduleApiGo"
time="2025-02-01T17:43:59-03:00" level=info msg="Start Swagger."
